<?xml version="1.0" encoding="UTF-8"?>
<testng-results ignored="0" total="1" passed="1" failed="0" skipped="0">
  <reporter-output>
  </reporter-output>
  <suite started-at="2022-01-20T12:22:55 IST" name="Default suite" finished-at="2022-01-20T12:24:24 IST" duration-ms="89261">
    <groups>
    </groups>
    <test started-at="2022-01-20T12:22:55 IST" name="Default test" finished-at="2022-01-20T12:24:24 IST" duration-ms="89261">
      <class name="Login">
        <test-method signature="login_fun()[pri:0, instance:Login@574b560f]" started-at="2022-01-20T12:22:55 IST" name="login_fun" finished-at="2022-01-20T12:24:24 IST" duration-ms="89230" status="PASS">
          <reporter-output>
          </reporter-output>
        </test-method> <!-- login_fun -->
      </class> <!-- Login -->
    </test> <!-- Default test -->
  </suite> <!-- Default suite -->
</testng-results>
